<?xml version="1.0" encoding="UTF-8"?>
<!-- Generated by org.testng.reporters.JUnitReportReporter -->
<testsuite hostname="Vinuthas-MacBook-Pro.local" failures="0" tests="1" name="vinutharavindra.ExtentReports.ExtentReportDemo" time="3.428" errors="0" timestamp="2022-12-23T08:22:53 IST" skipped="0">
  <testcase classname="vinutharavindra.ExtentReports.ExtentReportDemo" name="initailDemo" time="3.428"/>
  <system-out/>
</testsuite> <!-- vinutharavindra.ExtentReports.ExtentReportDemo -->
